Using pre-set license
Built from '2020.3/china_unity/release' branch; Version is '2020.3.13f1c1 (93b9df9a3ddc) revision 9681375'; Using compiler version '192528614'; Build Type 'Release'
OS: 'Windows 10 Enterprise; OS build 19042.1237; Version 2009; 64bit' Language: 'en' Physical Memory: 65255 MB
BatchMode: 1, IsHumanControllingUs: 0, StartBugReporterOnCrash: 0, Is64bit: 1, IsPro: 0

 COMMAND LINE ARGUMENTS:
D:\Program Files\2020.3.13f1c1\Editor\Unity.exe
-adb2
-batchMode
-noUpm
-name
AssetImportWorker0
-projectPath
D:/Workspaces/GitHub/HologramMap
-logFile
Logs/AssetImportWorker0.log
-srvPort
49441
Successfully changed project path to: D:/Workspaces/GitHub/HologramMap
D:/Workspaces/GitHub/HologramMap
Using Asset Import Pipeline V2.
Refreshing native plugins compatible for Editor in 42.84 ms, found 2 plugins.
Preloading 0 native plugins for Editor in 0.00 ms.
Initialize engine version: 2020.3.13f1c1 (93b9df9a3ddc)
[Subsystems] Discovering subsystems at path D:/Program Files/2020.3.13f1c1/Editor/Data/Resources/UnitySubsystems
[Subsystems] Discovering subsystems at path D:/Workspaces/GitHub/HologramMap/Assets
GfxDevice: creating device client; threaded=0
Direct3D:
    Version:  Direct3D 11.0 [level 11.1]
    Renderer: NVIDIA GeForce GTX 1070 (ID=0x1b81)
    Vendor:   
    VRAM:     8088 MB
    Driver:   26.21.14.3107
Shader 'Universal Render Pipeline/Particles/Lit': fallback shader 'Universal Render Pipeline/Particles/SimpleLit' not found
Initialize mono
Mono path[0] = 'D:/Program Files/2020.3.13f1c1/Editor/Data/Managed'
Mono path[1] = 'D:/Program Files/2020.3.13f1c1/Editor/Data/MonoBleedingEdge/lib/mono/unityjit'
Mono config path = 'D:/Program Files/2020.3.13f1c1/Editor/Data/MonoBleedingEdge/etc'
Using monoOptions --debugger-agent=transport=dt_socket,embedding=1,server=y,suspend=n,address=127.0.0.1:56228
Begin MonoManager ReloadAssembly
Registering precompiled unity dll's ...
Register platform support module: D:/Program Files/2020.3.13f1c1/Editor/Data/PlaybackEngines/WindowsStandaloneSupport/UnityEditor.WindowsStandalone.Extensions.dll
Registered in 0.001343 seconds.
Native extension for WindowsStandalone target not found
Refreshing native plugins compatible for Editor in 49.14 ms, found 2 plugins.
Preloading 0 native plugins for Editor in 0.00 ms.
Mono: successfully reloaded assembly
- Completed reload, in  1.042 seconds
Platform modules already initialized, skipping
Registering precompiled user dll's ...
Registered in 0.008795 seconds.
Begin MonoManager ReloadAssembly
Native extension for WindowsStandalone target not found
Refreshing native plugins compatible for Editor in 41.94 ms, found 2 plugins.
Preloading 0 native plugins for Editor in 0.00 ms.
Mono: successfully reloaded assembly
- Completed reload, in  1.197 seconds
Platform modules already initialized, skipping
========================================================================
Worker process is ready to serve import requests
Shader 'Universal Render Pipeline/Particles/Lit': fallback shader 'Universal Render Pipeline/Particles/SimpleLit' not found
Launched and connected shader compiler UnityShaderCompiler.exe after 0.13 seconds
Refreshing native plugins compatible for Editor in 1.00 ms, found 2 plugins.
Preloading 0 native plugins for Editor in 0.00 ms.
Unloading 2695 Unused Serialized files (Serialized files now loaded: 0)
System memory in use before: 121.8 MB.
System memory in use after: 122.0 MB.

Unloading 19 unused Assets to reduce memory usage. Loaded Objects now: 3127.
Total: 2.788600 ms (FindLiveObjects: 0.365800 ms CreateObjectMapping: 0.135200 ms MarkObjects: 2.209500 ms  DeleteObjects: 0.076900 ms)

AssetImportParameters requested are different than current active one (requested -> active):
  custom:framework-win-MediaFoundation: 216162199b28c13a410421893ffa2e32 -> 
  custom:video-decoder-ogg-theora: a1e56fd34408186e4bbccfd4996cb3dc -> 
  custom:container-muxer-webm: aa71ff27fc2769a1b78a27578f13a17b -> 
  custom:container-demuxer-webm: 4f35f7cbe854078d1ac9338744f61a02 -> 
  custom:container-demuxer-ogg: 62fdf1f143b41e24485cea50d1cbac27 -> 
  custom:video-encoder-webm-vp8: eb34c28f22e8b96e1ab97ce403110664 -> 
  custom:video-decoder-webm-vp8: 9c59270c3fd7afecdb556c50c9e8de78 -> 
  custom:audio-decoder-ogg-vorbis: bf7c407c2cedff20999df2af8eb42d56 -> 
  custom:audio-encoder-webm-vorbis: bf7c407c2cedff20999df2af8eb42d56 -> 
========================================================================
Received Import Request.
  path: Assets/HM/HologramLines.png
  artifactKey: Guid(8403be0feab07cb46b0aa79b03e61eba) Importer(815301076,1909f56bfc062723c751e8b465ee728b)
Start importing Assets/HM/HologramLines.png using Guid(8403be0feab07cb46b0aa79b03e61eba) Importer(815301076,1909f56bfc062723c751e8b465ee728b)  -> (artifact id: '032ef23b15f7427a199269773f761eef') in 0.109245 seconds 
  Import took 0.115107 seconds .

========================================================================
Received Import Request.
  Time since last request: 0.000289 seconds.
  path: Assets/HM/HMMat.mat
  artifactKey: Guid(c57a37dfbf7f7c04fb0dbbe750549123) Importer(815301076,1909f56bfc062723c751e8b465ee728b)
Start importing Assets/HM/HMMat.mat using Guid(c57a37dfbf7f7c04fb0dbbe750549123) Importer(815301076,1909f56bfc062723c751e8b465ee728b)  -> (artifact id: '351bf7c2d62f1d8509f92d8db874623d') in 0.988529 seconds 
  Import took 0.993810 seconds .

========================================================================
Received Import Request.
  Time since last request: 0.000280 seconds.
  path: Assets/HM
  artifactKey: Guid(efe4dabcdfd643b4783e70fd3e69d11b) Importer(815301076,1909f56bfc062723c751e8b465ee728b)
Start importing Assets/HM using Guid(efe4dabcdfd643b4783e70fd3e69d11b) Importer(815301076,1909f56bfc062723c751e8b465ee728b)  -> (artifact id: 'd3eb1fd7f44d4e3d21a981e4646451a2') in 0.008633 seconds 
  Import took 0.012904 seconds .

========================================================================
Received Import Request.
  Time since last request: 0.000353 seconds.
  path: Assets/HM/HM.unity
  artifactKey: Guid(1143757d826f8ff4d88d135fe273c63f) Importer(815301076,1909f56bfc062723c751e8b465ee728b)
Start importing Assets/HM/HM.unity using Guid(1143757d826f8ff4d88d135fe273c63f) Importer(815301076,1909f56bfc062723c751e8b465ee728b)  -> (artifact id: '38cde90be0294b87aa958a8ed33b24aa') in 0.012014 seconds 
  Import took 0.016677 seconds .

========================================================================
Received Import Request.
  Time since last request: 0.000286 seconds.
  path: Assets/Readme.asset
  artifactKey: Guid(83c2ed844a8c74b779a4c823d16594b1) Importer(815301076,1909f56bfc062723c751e8b465ee728b)
Start importing Assets/Readme.asset using Guid(83c2ed844a8c74b779a4c823d16594b1) Importer(815301076,1909f56bfc062723c751e8b465ee728b)  -> (artifact id: '7c3b9f17ff219922461d349995487975') in 0.012826 seconds 
  Import took 0.018823 seconds .

========================================================================
Received Import Request.
  Time since last request: 12.740699 seconds.
  path: Assets/HM/HM.shadergraph
  artifactKey: Guid(04a59054b44e5ee47884a7d874b6bf6f) Importer(815301076,1909f56bfc062723c751e8b465ee728b)
Start importing Assets/HM/HM.shadergraph using Guid(04a59054b44e5ee47884a7d874b6bf6f) Importer(815301076,1909f56bfc062723c751e8b465ee728b)  -> (artifact id: '1fb283f6eec32242284951972ac3ec8d') in 0.005897 seconds 
  Import took 0.010485 seconds .

========================================================================
Received Import Request.
  Time since last request: 0.597293 seconds.
  path: Assets/HM/HM.shadergraph
  artifactKey: Guid(04a59054b44e5ee47884a7d874b6bf6f) Importer(815301076,1909f56bfc062723c751e8b465ee728b)
Start importing Assets/HM/HM.shadergraph using Guid(04a59054b44e5ee47884a7d874b6bf6f) Importer(815301076,1909f56bfc062723c751e8b465ee728b)  -> (artifact id: '1fb283f6eec32242284951972ac3ec8d') in 0.009472 seconds 
  Import took 0.018858 seconds .

========================================================================
Received Prepare
Registering precompiled user dll's ...
Registered in 0.005030 seconds.
Begin MonoManager ReloadAssembly
Native extension for WindowsStandalone target not found
Refreshing native plugins compatible for Editor in 0.67 ms, found 2 plugins.
Preloading 0 native plugins for Editor in 0.00 ms.
Mono: successfully reloaded assembly
- Completed reload, in  1.287 seconds
Platform modules already initialized, skipping
Shader 'Universal Render Pipeline/Particles/Lit': fallback shader 'Universal Render Pipeline/Particles/SimpleLit' not found
Refreshing native plugins compatible for Editor in 0.57 ms, found 2 plugins.
Preloading 0 native plugins for Editor in 0.00 ms.
Unloading 2587 Unused Serialized files (Serialized files now loaded: 0)
System memory in use before: 120.9 MB.
System memory in use after: 121.1 MB.

Unloading 14 unused Assets to reduce memory usage. Loaded Objects now: 3211.
Total: 5.988800 ms (FindLiveObjects: 0.570900 ms CreateObjectMapping: 0.296500 ms MarkObjects: 5.061200 ms  DeleteObjects: 0.056400 ms)

AssetImportParameters requested are different than current active one (requested -> active):
  custom:framework-win-MediaFoundation: 216162199b28c13a410421893ffa2e32 -> 
  custom:video-decoder-ogg-theora: a1e56fd34408186e4bbccfd4996cb3dc -> 
  custom:container-muxer-webm: aa71ff27fc2769a1b78a27578f13a17b -> 
  custom:container-demuxer-webm: 4f35f7cbe854078d1ac9338744f61a02 -> 
  custom:container-demuxer-ogg: 62fdf1f143b41e24485cea50d1cbac27 -> 
  custom:video-encoder-webm-vp8: eb34c28f22e8b96e1ab97ce403110664 -> 
  custom:video-decoder-webm-vp8: 9c59270c3fd7afecdb556c50c9e8de78 -> 
  custom:audio-decoder-ogg-vorbis: bf7c407c2cedff20999df2af8eb42d56 -> 
  custom:audio-encoder-webm-vorbis: bf7c407c2cedff20999df2af8eb42d56 -> 
========================================================================
Received Import Request.
  Time since last request: 760.220660 seconds.
  path: Assets/HM/ciudadortogonal.26.blend
  artifactKey: Guid(9329b44ce5b68f54cb42a52a727b2c51) Importer(815301076,1909f56bfc062723c751e8b465ee728b)
Start importing Assets/HM/ciudadortogonal.26.blend using Guid(9329b44ce5b68f54cb42a52a727b2c51) Importer(815301076,1909f56bfc062723c751e8b465ee728b)  -> (artifact id: 'b50de711156dc524854d202b939ed320') in 5.135309 seconds 
  Import took 5.151669 seconds .

========================================================================
Received Import Request.
  Time since last request: 42.609654 seconds.
  path: Assets/HM/City.blend
  artifactKey: Guid(9329b44ce5b68f54cb42a52a727b2c51) Importer(815301076,1909f56bfc062723c751e8b465ee728b)
Start importing Assets/HM/City.blend using Guid(9329b44ce5b68f54cb42a52a727b2c51) Importer(815301076,1909f56bfc062723c751e8b465ee728b)  -> (artifact id: '0ca4b7927a5139475e454aab27086614') in 4.438678 seconds 
  Import took 4.451283 seconds .

========================================================================
Received Import Request.
  Time since last request: 5.943104 seconds.
  path: Assets/HM/HMMat.mat
  artifactKey: Guid(c57a37dfbf7f7c04fb0dbbe750549123) Importer(815301076,1909f56bfc062723c751e8b465ee728b)
Start importing Assets/HM/HMMat.mat using Guid(c57a37dfbf7f7c04fb0dbbe750549123) Importer(815301076,1909f56bfc062723c751e8b465ee728b)  -> (artifact id: '67efe70a35df66598fa95d6ca4ef5f37') in 0.018426 seconds 
  Import took 0.023406 seconds .

